#
# There is insufficient memory for the Java Runtime Environment to continue.
# Native memory allocation (malloc) failed to allocate 1240496 bytes. Error detail: Chunk::new
# Possible reasons:
#   The system is out of physical RAM or swap space
#   This process is running with CompressedOops enabled, and the Java Heap may be blocking the growth of the native heap
# Possible solutions:
#   Reduce memory load on the system
#   Increase physical memory or swap space
#   Check if swap backing store is full
#   Decrease Java heap size (-Xmx/-Xms)
#   Decrease number of Java threads
#   Decrease Java thread stack sizes (-Xss)
#   Set larger code cache with -XX:ReservedCodeCacheSize=
#   JVM is running with Unscaled Compressed Oops mode in which the Java heap is
#     placed in the first 4GB address space. The Java Heap base address is the
#     maximum limit for the native heap growth. Please use -XX:HeapBaseMinAddress
#     to set the Java Heap base and to place the Java Heap above 4GB virtual address.
# This output file may be truncated or incomplete.
#
#  Out of Memory Error (arena.cpp:150), pid=25160, tid=3712
#
# JRE version: OpenJDK Runtime Environment Corretto-22.0.2.9.1 (22.0.2+9) (build 22.0.2+9-FR)
# Java VM: OpenJDK 64-Bit Server VM Corretto-22.0.2.9.1 (22.0.2+9-FR, mixed mode, sharing, tiered, compressed oops, compressed class ptrs, g1 gc, windows-amd64)
# No core dump will be written. Minidumps are not enabled by default on client versions of Windows
#

---------------  S U M M A R Y ------------

Command Line: -javaagent:C:\Program Files\JetBrains\IntelliJ IDEA Community Edition 2023.2.4\lib\idea_rt.jar=62431:C:\Program Files\JetBrains\IntelliJ IDEA Community Edition 2023.2.4\bin -Dfile.encoding=UTF-8 -Dsun.stdout.encoding=UTF-8 -Dsun.stderr.encoding=UTF-8 edu.icet.Main

Host: AMD Ryzen 5 5500U with Radeon Graphics         , 12 cores, 7G,  Windows 11 , 64 bit Build 22621 (10.0.22621.5415)
Time: Tue Jul 29 23:57:14 2025 Sri Lanka Standard Time elapsed time: 130.545373 seconds (0d 0h 2m 10s)

---------------  T H R E A D  ---------------

Current thread (0x000002c8acb451c0):  JavaThread "C2 CompilerThread0" daemon [_thread_in_native, id=3712, stack(0x000000d916300000,0x000000d916400000) (1024K)]


Current CompileTask:
C2:130546 7661       4       org.springframework.core.ResolvableType::hasGenerics (14 bytes)

Stack: [0x000000d916300000,0x000000d916400000]
Native frames: (J=compiled Java code, j=interpreted, Vv=VM code, C=native code)
V  [jvm.dll+0x6f7bb9]  (no source info available)
V  [jvm.dll+0x8dc245]  (no source info available)
V  [jvm.dll+0x8de4ae]  (no source info available)
V  [jvm.dll+0x8deb93]  (no source info available)
V  [jvm.dll+0x28d336]  (no source info available)
V  [jvm.dll+0xc500f]  (no source info available)
V  [jvm.dll+0xc526b]  (no source info available)
V  [jvm.dll+0x3036c1]  (no source info available)
V  [jvm.dll+0x61d639]  (no source info available)
V  [jvm.dll+0x25d4c2]  (no source info available)
V  [jvm.dll+0x2559cc]  (no source info available)
V  [jvm.dll+0x2536f0]  (no source info available)
V  [jvm.dll+0x1cef4a]  (no source info available)
V  [jvm.dll+0x263335]  (no source info available)
V  [jvm.dll+0x2615fb]  (no source info available)
V  [jvm.dll+0x407456]  (no source info available)
V  [jvm.dll+0x883778]  (no source info available)
V  [jvm.dll+0x6f63c5]  (no source info available)
C  [ucrtbase.dll+0x29333]  (no source info available)
C  [KERNEL32.DLL+0x1259d]  (no source info available)
C  [ntdll.dll+0x5af78]  (no source info available)


---------------  P R O C E S S  ---------------

Threads class SMR info:
_java_thread_list=0x000002c8f58a59b0, length=29, elements={
0x000002c8acb3e4c0, 0x000002c8acb3f1e0, 0x000002c8acb40db0, 0x000002c8acb41810,
0x000002c8acb425a0, 0x000002c8acb44430, 0x000002c8acb451c0, 0x000002c8acb45c70,
0x000002c8f20bc3d0, 0x000002c8f22377d0, 0x000002c8f2238ef0, 0x000002c8f4521300,
0x000002c8f3711a00, 0x000002c8f3864090, 0x000002c8f3867510, 0x000002c8f3864720,
0x000002c8f3865440, 0x000002c8f38667f0, 0x000002c8f3865ad0, 0x000002c8f3866160,
0x000002c8f5269fc0, 0x000002c8f526ace0, 0x000002c8f5267ef0, 0x000002c8f526cdb0,
0x000002c8f526d440, 0x000002c8f526e7f0, 0x000002c8f526b370, 0x000002c8f526a650,
0x000002c8f526dad0
}

Java Threads: ( => current thread )
  0x000002c8acb3e4c0 JavaThread "Reference Handler"          daemon [_thread_blocked, id=23136, stack(0x000000d915d00000,0x000000d915e00000) (1024K)]
  0x000002c8acb3f1e0 JavaThread "Finalizer"                  daemon [_thread_blocked, id=8852, stack(0x000000d915e00000,0x000000d915f00000) (1024K)]
  0x000002c8acb40db0 JavaThread "Signal Dispatcher"          daemon [_thread_blocked, id=960, stack(0x000000d915f00000,0x000000d916000000) (1024K)]
  0x000002c8acb41810 JavaThread "Attach Listener"            daemon [_thread_blocked, id=16856, stack(0x000000d916000000,0x000000d916100000) (1024K)]
  0x000002c8acb425a0 JavaThread "Service Thread"             daemon [_thread_blocked, id=14820, stack(0x000000d916100000,0x000000d916200000) (1024K)]
  0x000002c8acb44430 JavaThread "Monitor Deflation Thread"   daemon [_thread_blocked, id=23040, stack(0x000000d916200000,0x000000d916300000) (1024K)]
=>0x000002c8acb451c0 JavaThread "C2 CompilerThread0"         daemon [_thread_in_native, id=3712, stack(0x000000d916300000,0x000000d916400000) (1024K)]
  0x000002c8acb45c70 JavaThread "C1 CompilerThread0"         daemon [_thread_blocked, id=17288, stack(0x000000d916400000,0x000000d916500000) (1024K)]
  0x000002c8f20bc3d0 JavaThread "Common-Cleaner"             daemon [_thread_blocked, id=15720, stack(0x000000d916500000,0x000000d916600000) (1024K)]
  0x000002c8f22377d0 JavaThread "Monitor Ctrl-Break"         daemon [_thread_in_native, id=20992, stack(0x000000d916600000,0x000000d916700000) (1024K)]
  0x000002c8f2238ef0 JavaThread "Notification Thread"        daemon [_thread_blocked, id=15932, stack(0x000000d916700000,0x000000d916800000) (1024K)]
  0x000002c8f4521300 JavaThread "Catalina-utility-1"                [_thread_blocked, id=25684, stack(0x000000d917300000,0x000000d917400000) (1024K)]
  0x000002c8f3711a00 JavaThread "Catalina-utility-2"                [_thread_blocked, id=25688, stack(0x000000d917400000,0x000000d917500000) (1024K)]
  0x000002c8f3864090 JavaThread "container-0"                       [_thread_blocked, id=25692, stack(0x000000d917500000,0x000000d917600000) (1024K)]
  0x000002c8f3867510 JavaThread "mysql-cj-abandoned-connection-cleanup" daemon [_thread_blocked, id=25696, stack(0x000000d917600000,0x000000d917700000) (1024K)]
  0x000002c8f3864720 JavaThread "HikariPool-1 housekeeper"   daemon [_thread_blocked, id=25768, stack(0x000000d917800000,0x000000d917900000) (1024K)]
  0x000002c8f3865440 JavaThread "http-nio-8080-exec-1"       daemon [_thread_in_native, id=25996, stack(0x000000d917a00000,0x000000d917b00000) (1024K)]
  0x000002c8f38667f0 JavaThread "http-nio-8080-exec-2"       daemon [_thread_in_native, id=26000, stack(0x000000d917b00000,0x000000d917c00000) (1024K)]
  0x000002c8f3865ad0 JavaThread "http-nio-8080-exec-3"       daemon [_thread_blocked, id=26004, stack(0x000000d917c00000,0x000000d917d00000) (1024K)]
  0x000002c8f3866160 JavaThread "http-nio-8080-exec-4"       daemon [_thread_blocked, id=26008, stack(0x000000d917d00000,0x000000d917e00000) (1024K)]
  0x000002c8f5269fc0 JavaThread "http-nio-8080-exec-5"       daemon [_thread_blocked, id=26012, stack(0x000000d917e00000,0x000000d917f00000) (1024K)]
  0x000002c8f526ace0 JavaThread "http-nio-8080-exec-6"       daemon [_thread_blocked, id=26016, stack(0x000000d917f00000,0x000000d918000000) (1024K)]
  0x000002c8f5267ef0 JavaThread "http-nio-8080-exec-7"       daemon [_thread_blocked, id=26020, stack(0x000000d918000000,0x000000d918100000) (1024K)]
  0x000002c8f526cdb0 JavaThread "http-nio-8080-exec-8"       daemon [_thread_blocked, id=26024, stack(0x000000d918100000,0x000000d918200000) (1024K)]
  0x000002c8f526d440 JavaThread "http-nio-8080-exec-9"       daemon [_thread_blocked, id=26028, stack(0x000000d918200000,0x000000d918300000) (1024K)]
  0x000002c8f526e7f0 JavaThread "http-nio-8080-exec-10"      daemon [_thread_blocked, id=26032, stack(0x000000d918300000,0x000000d918400000) (1024K)]
  0x000002c8f526b370 JavaThread "http-nio-8080-Poller"       daemon [_thread_in_native, id=26036, stack(0x000000d918400000,0x000000d918500000) (1024K)]
  0x000002c8f526a650 JavaThread "http-nio-8080-Acceptor"     daemon [_thread_in_native, id=26040, stack(0x000000d918500000,0x000000d918600000) (1024K)]
  0x000002c8f526dad0 JavaThread "DestroyJavaVM"                     [_thread_blocked, id=2956, stack(0x000000d915500000,0x000000d915600000) (1024K)]
Total: 29

Other Threads:
  0x000002c8acb1cd10 VMThread "VM Thread"                           [id=4912, stack(0x000000d915c00000,0x000000d915d00000) (1024K)]
  0x000002c8acb07d50 WatcherThread "VM Periodic Task Thread"        [id=15984, stack(0x000000d915b00000,0x000000d915c00000) (1024K)]
  0x000002c88ff92050 WorkerThread "GC Thread#0"                     [id=19924, stack(0x000000d915600000,0x000000d915700000) (1024K)]
  0x000002c8f2f86540 WorkerThread "GC Thread#1"                     [id=22408, stack(0x000000d916800000,0x000000d916900000) (1024K)]
  0x000002c8f305a960 WorkerThread "GC Thread#2"                     [id=12096, stack(0x000000d916900000,0x000000d916a00000) (1024K)]
  0x000002c8f305b120 WorkerThread "GC Thread#3"                     [id=21156, stack(0x000000d916a00000,0x000000d916b00000) (1024K)]
  0x000002c8f305c160 WorkerThread "GC Thread#4"                     [id=23676, stack(0x000000d916b00000,0x000000d916c00000) (1024K)]
  0x000002c8f305e9a0 WorkerThread "GC Thread#5"                     [id=3608, stack(0x000000d916c00000,0x000000d916d00000) (1024K)]
  0x000002c8f305fb70 WorkerThread "GC Thread#6"                     [id=13888, stack(0x000000d916d00000,0x000000d916e00000) (1024K)]
  0x000002c8f2fe0200 WorkerThread "GC Thread#7"                     [id=22972, stack(0x000000d916e00000,0x000000d916f00000) (1024K)]
  0x000002c8f2fe05b0 WorkerThread "GC Thread#8"                     [id=21260, stack(0x000000d916f00000,0x000000d917000000) (1024K)]
  0x000002c8f3117f40 WorkerThread "GC Thread#9"                     [id=22472, stack(0x000000d917100000,0x000000d917200000) (1024K)]
  0x000002c88ffa23d0 ConcurrentGCThread "G1 Main Marker"            [id=15184, stack(0x000000d915700000,0x000000d915800000) (1024K)]
  0x000002c88ffa3b80 WorkerThread "G1 Conc#0"                       [id=23980, stack(0x000000d915800000,0x000000d915900000) (1024K)]
  0x000002c8f2d61b00 WorkerThread "G1 Conc#1"                       [id=25148, stack(0x000000d917000000,0x000000d917100000) (1024K)]
  0x000002c8f3987e80 WorkerThread "G1 Conc#2"                       [id=23976, stack(0x000000d917200000,0x000000d917300000) (1024K)]
  0x000002c88ffee8e0 ConcurrentGCThread "G1 Refine#0"               [id=14356, stack(0x000000d915900000,0x000000d915a00000) (1024K)]
  0x000002c8ac9da000 ConcurrentGCThread "G1 Service"                [id=19280, stack(0x000000d915a00000,0x000000d915b00000) (1024K)]
Total: 18

Threads with active compile tasks:
C2 CompilerThread0  130737 7661       4       org.springframework.core.ResolvableType::hasGenerics (14 bytes)
Total: 1

VM state: not at safepoint (normal execution)

VM Mutex/Monitor currently owned by a thread: None

Heap address: 0x000000008a400000, size: 1884 MB, Compressed Oops mode: 32-bit

CDS archive(s) mapped at: [0x000002c8ad000000-0x000002c8adc60000-0x000002c8adc60000), size 12976128, SharedBaseAddress: 0x000002c8ad000000, ArchiveRelocationMode: 1.
Compressed class space mapped at: 0x000002c8ae000000-0x000002c8ee000000, reserved size: 1073741824
Narrow klass base: 0x000002c8ad000000, Narrow klass shift: 0, Narrow klass range: 0x41000000

GC Precious Log:
 CardTable entry size: 512
 Card Set container configuration: InlinePtr #cards 5 size 8 Array Of Cards #cards 12 size 40 Howl #buckets 4 coarsen threshold 1843 Howl Bitmap #cards 512 size 80 coarsen threshold 460 Card regions per heap region 1 cards per card region 2048
 CPUs: 12 total, 12 available
 Memory: 7530M
 Large Page Support: Disabled
 NUMA Support: Disabled
 Compressed Oops: Enabled (32-bit)
 Heap Region Size: 1M
 Heap Min Capacity: 8M
 Heap Initial Capacity: 118M
 Heap Max Capacity: 1884M
 Pre-touch: Disabled
 Parallel Workers: 10
 Concurrent Workers: 3
 Concurrent Refinement Workers: 10
 Periodic GC: Disabled

Heap:
 garbage-first heap   total reserved 1929216K, committed 55296K, used 46220K [0x000000008a400000, 0x0000000100000000)
  region size 1024K, 15 young (15360K), 2 survivors (2048K)
 Metaspace       used 74076K, committed 74944K, reserved 1114112K
  class space    used 10012K, committed 10368K, reserved 1048576K

Heap Regions: E=young(eden), S=young(survivor), O=old, HS=humongous(starts), HC=humongous(continues), CS=collection set, F=free, TAMS=top-at-mark-start, PB=parsable bottom
|   0|0x000000008a400000, 0x000000008a500000, 0x000000008a500000|100%|HS|  |TAMS 0x000000008a400000| PB 0x000000008a400000| Complete |  0
|   1|0x000000008a500000, 0x000000008a600000, 0x000000008a600000|100%|HS|  |TAMS 0x000000008a500000| PB 0x000000008a500000| Complete |  0
|   2|0x000000008a600000, 0x000000008a700000, 0x000000008a700000|100%|HS|  |TAMS 0x000000008a600000| PB 0x000000008a600000| Complete |  0
|   3|0x000000008a700000, 0x000000008a800000, 0x000000008a800000|100%| O|  |TAMS 0x000000008a700000| PB 0x000000008a700000| Untracked |  0
|   4|0x000000008a800000, 0x000000008a900000, 0x000000008a900000|100%| O|  |TAMS 0x000000008a800000| PB 0x000000008a800000| Untracked |  0
|   5|0x000000008a900000, 0x000000008aa00000, 0x000000008aa00000|100%| O|  |TAMS 0x000000008a900000| PB 0x000000008a900000| Untracked |  0
|   6|0x000000008aa00000, 0x000000008ab00000, 0x000000008ab00000|100%| O|  |TAMS 0x000000008aa00000| PB 0x000000008aa00000| Untracked |  0
|   7|0x000000008ab00000, 0x000000008ac00000, 0x000000008ac00000|100%| O|  |TAMS 0x000000008ab00000| PB 0x000000008ab00000| Untracked |  0
|   8|0x000000008ac00000, 0x000000008ad00000, 0x000000008ad00000|100%| O|  |TAMS 0x000000008ac00000| PB 0x000000008ac00000| Untracked |  0
|   9|0x000000008ad00000, 0x000000008ae00000, 0x000000008ae00000|100%| O|  |TAMS 0x000000008ad00000| PB 0x000000008ad00000| Untracked |  0
|  10|0x000000008ae00000, 0x000000008af00000, 0x000000008af00000|100%| O|  |TAMS 0x000000008ae00000| PB 0x000000008ae00000| Untracked |  0
|  11|0x000000008af00000, 0x000000008b000000, 0x000000008b000000|100%| O|  |TAMS 0x000000008af00000| PB 0x000000008af00000| Untracked |  0
|  12|0x000000008b000000, 0x000000008b100000, 0x000000008b100000|100%| O|  |TAMS 0x000000008b000000| PB 0x000000008b000000| Untracked |  0
|  13|0x000000008b100000, 0x000000008b200000, 0x000000008b200000|100%| O|  |TAMS 0x000000008b100000| PB 0x000000008b100000| Untracked |  0
|  14|0x000000008b200000, 0x000000008b300000, 0x000000008b300000|100%| O|  |TAMS 0x000000008b200000| PB 0x000000008b200000| Untracked |  0
|  15|0x000000008b300000, 0x000000008b400000, 0x000000008b400000|100%| O|  |TAMS 0x000000008b300000| PB 0x000000008b300000| Untracked |  0
|  16|0x000000008b400000, 0x000000008b500000, 0x000000008b500000|100%| O|  |TAMS 0x000000008b400000| PB 0x000000008b400000| Untracked |  0
|  17|0x000000008b500000, 0x000000008b600000, 0x000000008b600000|100%| O|  |TAMS 0x000000008b500000| PB 0x000000008b500000| Untracked |  0
|  18|0x000000008b600000, 0x000000008b600000, 0x000000008b700000|  0%| F|  |TAMS 0x000000008b600000| PB 0x000000008b600000| Untracked |  0
|  19|0x000000008b700000, 0x000000008b800000, 0x000000008b800000|100%| O|  |TAMS 0x000000008b700000| PB 0x000000008b700000| Untracked |  0
|  20|0x000000008b800000, 0x000000008b900000, 0x000000008b900000|100%| O|  |TAMS 0x000000008b800000| PB 0x000000008b800000| Untracked |  0
|  21|0x000000008b900000, 0x000000008ba00000, 0x000000008ba00000|100%| O|  |TAMS 0x000000008b900000| PB 0x000000008b900000| Untracked |  0
|  22|0x000000008ba00000, 0x000000008bb00000, 0x000000008bb00000|100%| O|  |TAMS 0x000000008ba00000| PB 0x000000008ba00000| Untracked |  0
|  23|0x000000008bb00000, 0x000000008bc00000, 0x000000008bc00000|100%| O|  |TAMS 0x000000008bb00000| PB 0x000000008bb00000| Untracked |  0
|  24|0x000000008bc00000, 0x000000008bd00000, 0x000000008bd00000|100%| O|  |TAMS 0x000000008bc00000| PB 0x000000008bc00000| Untracked |  0
|  25|0x000000008bd00000, 0x000000008be00000, 0x000000008be00000|100%| O|  |TAMS 0x000000008bd00000| PB 0x000000008bd00000| Untracked |  0
|  26|0x000000008be00000, 0x000000008bf00000, 0x000000008bf00000|100%| O|  |TAMS 0x000000008be00000| PB 0x000000008be00000| Untracked |  0
|  27|0x000000008bf00000, 0x000000008c000000, 0x000000008c000000|100%| O|  |TAMS 0x000000008bf00000| PB 0x000000008bf00000| Untracked |  0
|  28|0x000000008c000000, 0x000000008c100000, 0x000000008c100000|100%| O|  |TAMS 0x000000008c000000| PB 0x000000008c000000| Untracked |  0
|  29|0x000000008c100000, 0x000000008c200000, 0x000000008c200000|100%| O|  |TAMS 0x000000008c100000| PB 0x000000008c100000| Untracked |  0
|  30|0x000000008c200000, 0x000000008c300000, 0x000000008c300000|100%| O|  |TAMS 0x000000008c200000| PB 0x000000008c200000| Untracked |  0
|  31|0x000000008c300000, 0x000000008c400000, 0x000000008c400000|100%| O|  |TAMS 0x000000008c300000| PB 0x000000008c300000| Untracked |  0
|  32|0x000000008c400000, 0x000000008c500000, 0x000000008c500000|100%| O|  |TAMS 0x000000008c400000| PB 0x000000008c400000| Untracked |  0
|  33|0x000000008c500000, 0x000000008c500000, 0x000000008c600000|  0%| F|  |TAMS 0x000000008c500000| PB 0x000000008c500000| Untracked |  0
|  34|0x000000008c600000, 0x000000008c600000, 0x000000008c700000|  0%| F|  |TAMS 0x000000008c600000| PB 0x000000008c600000| Untracked |  0
|  35|0x000000008c700000, 0x000000008c76f580, 0x000000008c800000| 43%| O|  |TAMS 0x000000008c700000| PB 0x000000008c700000| Untracked |  0
|  36|0x000000008c800000, 0x000000008c800000, 0x000000008c900000|  0%| F|  |TAMS 0x000000008c800000| PB 0x000000008c800000| Untracked |  0
|  37|0x000000008c900000, 0x000000008c900000, 0x000000008ca00000|  0%| F|  |TAMS 0x000000008c900000| PB 0x000000008c900000| Untracked |  0
|  38|0x000000008ca00000, 0x000000008cab3b20, 0x000000008cb00000| 70%| S|CS|TAMS 0x000000008ca00000| PB 0x000000008ca00000| Complete |  0
|  39|0x000000008cb00000, 0x000000008cc00000, 0x000000008cc00000|100%| S|CS|TAMS 0x000000008cb00000| PB 0x000000008cb00000| Complete |  0
|  40|0x000000008cc00000, 0x000000008cc00000, 0x000000008cd00000|  0%| F|  |TAMS 0x000000008cc00000| PB 0x000000008cc00000| Untracked |  0
|  41|0x000000008cd00000, 0x000000008cd5c6c0, 0x000000008ce00000| 36%| E|  |TAMS 0x000000008cd00000| PB 0x000000008cd00000| Complete |  0
|  42|0x000000008ce00000, 0x000000008cf00000, 0x000000008cf00000|100%| E|CS|TAMS 0x000000008ce00000| PB 0x000000008ce00000| Complete |  0
|  43|0x000000008cf00000, 0x000000008d000000, 0x000000008d000000|100%| E|  |TAMS 0x000000008cf00000| PB 0x000000008cf00000| Complete |  0
|  44|0x000000008d000000, 0x000000008d100000, 0x000000008d100000|100%| E|CS|TAMS 0x000000008d000000| PB 0x000000008d000000| Complete |  0
|  45|0x000000008d100000, 0x000000008d200000, 0x000000008d200000|100%| E|CS|TAMS 0x000000008d100000| PB 0x000000008d100000| Complete |  0
|  46|0x000000008d200000, 0x000000008d300000, 0x000000008d300000|100%| E|CS|TAMS 0x000000008d200000| PB 0x000000008d200000| Complete |  0
|  80|0x000000008f400000, 0x000000008f500000, 0x000000008f500000|100%| E|CS|TAMS 0x000000008f400000| PB 0x000000008f400000| Complete |  0
|  81|0x000000008f500000, 0x000000008f600000, 0x000000008f600000|100%| E|CS|TAMS 0x000000008f500000| PB 0x000000008f500000| Complete |  0
|  82|0x000000008f600000, 0x000000008f700000, 0x000000008f700000|100%| E|CS|TAMS 0x000000008f600000| PB 0x000000008f600000| Complete |  0
|  83|0x000000008f700000, 0x000000008f800000, 0x000000008f800000|100%| E|CS|TAMS 0x000000008f700000| PB 0x000000008f700000| Complete |  0
|  87|0x000000008fb00000, 0x000000008fc00000, 0x000000008fc00000|100%| E|CS|TAMS 0x000000008fb00000| PB 0x000000008fb00000| Complete |  0
|  88|0x000000008fc00000, 0x000000008fd00000, 0x000000008fd00000|100%| E|CS|TAMS 0x000000008fc00000| PB 0x000000008fc00000| Complete |  0
| 117|0x0000000091900000, 0x0000000091a00000, 0x0000000091a00000|100%| E|CS|TAMS 0x0000000091900000| PB 0x0000000091900000| Complete |  0

Card table byte_map: [0x000002c8a7dc0000,0x000002c8a8170000] _byte_map_base: 0x000002c8a796e000

Marking Bits: (CMBitMap*) 0x000002c88ff92f70
 Bits: [0x000002c8a8170000, 0x000002c8a9ee0000)

Polling page: 0x000002c88de80000

Metaspace:

Usage:
  Non-class:     62.56 MB used.
      Class:      9.78 MB used.
       Both:     72.34 MB used.

Virtual space:
  Non-class space:       64.00 MB reserved,      63.06 MB ( 99%) committed,  1 nodes.
      Class space:        1.00 GB reserved,      10.12 MB ( <1%) committed,  1 nodes.
             Both:        1.06 GB reserved,      73.19 MB (  7%) committed. 

Chunk freelists:
   Non-Class:  368.00 KB
       Class:  5.88 MB
        Both:  6.23 MB

MaxMetaspaceSize: unlimited
CompressedClassSpaceSize: 1.00 GB
Initial GC threshold: 21.00 MB
Current GC threshold: 110.75 MB
CDS: on
 - commit_granule_bytes: 65536.
 - commit_granule_words: 8192.
 - virtual_space_node_default_size: 8388608.
 - enlarge_chunks_in_place: 1.
 - use_allocation_guard: 0.


Internal statistics:

num_allocs_failed_limit: 6.
num_arena_births: 1166.
num_arena_deaths: 0.
num_vsnodes_births: 2.
num_vsnodes_deaths: 0.
num_space_committed: 1171.
num_space_uncommitted: 0.
num_chunks_returned_to_freelist: 6.
num_chunks_taken_from_freelist: 3807.
num_chunk_merges: 3.
num_chunk_splits: 2692.
num_chunks_enlarged: 2039.
num_inconsistent_stats: 0.

CodeHeap 'non-profiled nmethods': size=120000Kb used=3800Kb max_used=3800Kb free=116199Kb
 bounds [0x000002c89ff90000, 0x000002c8a0350000, 0x000002c8a74c0000]
CodeHeap 'profiled nmethods': size=120000Kb used=12015Kb max_used=12015Kb free=107984Kb
 bounds [0x000002c8984c0000, 0x000002c899080000, 0x000002c89f9f0000]
CodeHeap 'non-nmethods': size=5760Kb used=1765Kb max_used=1806Kb free=3994Kb
 bounds [0x000002c89f9f0000, 0x000002c89fc60000, 0x000002c89ff90000]
 total_blobs=7445 nmethods=6669 adapters=679
 compilation: enabled
              stopped_count=0, restarted_count=0
 full_count=0

Compilation events (20 events):
Event: 130.487 Thread 0x000002c8acb45c70 7683       3       java.util.ArrayList::indexOfRange (71 bytes)
Event: 130.487 Thread 0x000002c8acb45c70 nmethod 7683 0x000002c89861ce90 code [0x000002c89861d080, 0x000002c89861d510]
Event: 130.487 Thread 0x000002c8acb45c70 7682       3       org.springframework.core.annotation.AnnotationTypeMapping::isCompatibleReturnType (19 bytes)
Event: 130.487 Thread 0x000002c8acb45c70 nmethod 7682 0x000002c898ebc410 code [0x000002c898ebc5c0, 0x000002c898ebc848]
Event: 130.489 Thread 0x000002c8acb45c70 7685       3       org.springframework.core.annotation.AnnotationsScanner::getDeclaredAnnotations (166 bytes)
Event: 130.490 Thread 0x000002c8acb45c70 nmethod 7685 0x000002c89861b310 code [0x000002c89861b600, 0x000002c89861c9f8]
Event: 130.490 Thread 0x000002c8acb45c70 7687       3       java.util.concurrent.ConcurrentMap::computeIfAbsent (51 bytes)
Event: 130.490 Thread 0x000002c8acb45c70 nmethod 7687 0x000002c89861a990 code [0x000002c89861ab80, 0x000002c89861b138]
Event: 130.491 Thread 0x000002c8acb45c70 7686       3       org.springframework.util.ConcurrentReferenceHashMap::putIfAbsent (8 bytes)
Event: 130.491 Thread 0x000002c8acb45c70 nmethod 7686 0x000002c89861a610 code [0x000002c89861a7c0, 0x000002c89861a900]
Event: 130.494 Thread 0x000002c8acb45c70 7689       3       org.springframework.core.annotation.AnnotationTypeMapping::isBetterConventionAnnotationValue (42 bytes)
Event: 130.494 Thread 0x000002c8acb45c70 nmethod 7689 0x000002c89861a090 code [0x000002c89861a240, 0x000002c89861a490]
Event: 130.522 Thread 0x000002c8acb45c70 7690       3       org.springframework.beans.TypeConverterDelegate::<init> (7 bytes)
Event: 130.523 Thread 0x000002c8acb45c70 nmethod 7690 0x000002c898619b90 code [0x000002c898619d40, 0x000002c898619f90]
Event: 130.523 Thread 0x000002c8acb45c70 7691       3       org.springframework.core.convert.support.GenericConversionService$Converters::addInterfacesToClassHierarchy (51 bytes)
Event: 130.524 Thread 0x000002c8acb45c70 nmethod 7691 0x000002c898618c90 code [0x000002c898618ee0, 0x000002c898619738]
Event: 130.525 Thread 0x000002c8acb45c70 7692       3       java.util.concurrent.locks.AbstractQueuedSynchronizer$Node::setPrevRelaxed (12 bytes)
Event: 130.525 Thread 0x000002c8acb45c70 nmethod 7692 0x000002c898618910 code [0x000002c898618aa0, 0x000002c898618c00]
Event: 130.525 Thread 0x000002c8acb45c70 7693       3       java.util.concurrent.locks.AbstractQueuedSynchronizer::casTail (13 bytes)
Event: 130.526 Thread 0x000002c8acb45c70 nmethod 7693 0x000002c898618590 code [0x000002c898618720, 0x000002c898618890]

GC Heap History (20 events):
Event: 11.055 GC heap before
{Heap before GC invocations=7 (full 0):
 garbage-first heap   total reserved 1929216K, committed 55296K, used 30059K [0x000000008a400000, 0x0000000100000000)
  region size 1024K, 13 young (13312K), 3 survivors (3072K)
 Metaspace       used 35461K, committed 35968K, reserved 1114112K
  class space    used 4550K, committed 4800K, reserved 1048576K
}
Event: 11.058 GC heap after
{Heap after GC invocations=8 (full 0):
 garbage-first heap   total reserved 1929216K, committed 55296K, used 22625K [0x000000008a400000, 0x0000000100000000)
  region size 1024K, 1 young (1024K), 1 survivors (1024K)
 Metaspace       used 35461K, committed 35968K, reserved 1114112K
  class space    used 4550K, committed 4800K, reserved 1048576K
}
Event: 12.043 GC heap before
{Heap before GC invocations=9 (full 0):
 garbage-first heap   total reserved 1929216K, committed 55296K, used 45153K [0x000000008a400000, 0x0000000100000000)
  region size 1024K, 24 young (24576K), 1 survivors (1024K)
 Metaspace       used 41447K, committed 41984K, reserved 1114112K
  class space    used 5456K, committed 5696K, reserved 1048576K
}
Event: 12.046 GC heap after
{Heap after GC invocations=10 (full 0):
 garbage-first heap   total reserved 1929216K, committed 55296K, used 23920K [0x000000008a400000, 0x0000000100000000)
  region size 1024K, 3 young (3072K), 3 survivors (3072K)
 Metaspace       used 41447K, committed 41984K, reserved 1114112K
  class space    used 5456K, committed 5696K, reserved 1048576K
}
Event: 13.612 GC heap before
{Heap before GC invocations=10 (full 0):
 garbage-first heap   total reserved 1929216K, committed 55296K, used 46448K [0x000000008a400000, 0x0000000100000000)
  region size 1024K, 25 young (25600K), 3 survivors (3072K)
 Metaspace       used 50441K, committed 51008K, reserved 1114112K
  class space    used 6613K, committed 6848K, reserved 1048576K
}
Event: 13.617 GC heap after
{Heap after GC invocations=11 (full 0):
 garbage-first heap   total reserved 1929216K, committed 55296K, used 25688K [0x000000008a400000, 0x0000000100000000)
  region size 1024K, 4 young (4096K), 4 survivors (4096K)
 Metaspace       used 50441K, committed 51008K, reserved 1114112K
  class space    used 6613K, committed 6848K, reserved 1048576K
}
Event: 14.241 GC heap before
{Heap before GC invocations=11 (full 0):
 garbage-first heap   total reserved 1929216K, committed 55296K, used 45144K [0x000000008a400000, 0x0000000100000000)
  region size 1024K, 24 young (24576K), 4 survivors (4096K)
 Metaspace       used 56408K, committed 57024K, reserved 1114112K
  class space    used 7411K, committed 7680K, reserved 1048576K
}
Event: 14.245 GC heap after
{Heap after GC invocations=12 (full 0):
 garbage-first heap   total reserved 1929216K, committed 55296K, used 27195K [0x000000008a400000, 0x0000000100000000)
  region size 1024K, 2 young (2048K), 2 survivors (2048K)
 Metaspace       used 56408K, committed 57024K, reserved 1114112K
  class space    used 7411K, committed 7680K, reserved 1048576K
}
Event: 14.737 GC heap before
{Heap before GC invocations=12 (full 0):
 garbage-first heap   total reserved 1929216K, committed 55296K, used 47675K [0x000000008a400000, 0x0000000100000000)
  region size 1024K, 22 young (22528K), 2 survivors (2048K)
 Metaspace       used 59230K, committed 59840K, reserved 1114112K
  class space    used 7927K, committed 8192K, reserved 1048576K
}
Event: 14.740 GC heap after
{Heap after GC invocations=13 (full 0):
 garbage-first heap   total reserved 1929216K, committed 55296K, used 27744K [0x000000008a400000, 0x0000000100000000)
  region size 1024K, 2 young (2048K), 2 survivors (2048K)
 Metaspace       used 59230K, committed 59840K, reserved 1114112K
  class space    used 7927K, committed 8192K, reserved 1048576K
}
Event: 15.448 GC heap before
{Heap before GC invocations=14 (full 0):
 garbage-first heap   total reserved 1929216K, committed 55296K, used 47200K [0x000000008a400000, 0x0000000100000000)
  region size 1024K, 22 young (22528K), 2 survivors (2048K)
 Metaspace       used 62437K, committed 63104K, reserved 1114112K
  class space    used 8444K, committed 8704K, reserved 1048576K
}
Event: 15.451 GC heap after
{Heap after GC invocations=15 (full 0):
 garbage-first heap   total reserved 1929216K, committed 55296K, used 28777K [0x000000008a400000, 0x0000000100000000)
  region size 1024K, 2 young (2048K), 2 survivors (2048K)
 Metaspace       used 62437K, committed 63104K, reserved 1114112K
  class space    used 8444K, committed 8704K, reserved 1048576K
}
Event: 16.173 GC heap before
{Heap before GC invocations=15 (full 0):
 garbage-first heap   total reserved 1929216K, committed 55296K, used 48233K [0x000000008a400000, 0x0000000100000000)
  region size 1024K, 21 young (21504K), 2 survivors (2048K)
 Metaspace       used 65912K, committed 66624K, reserved 1114112K
  class space    used 8898K, committed 9216K, reserved 1048576K
}
Event: 16.177 GC heap after
{Heap after GC invocations=16 (full 0):
 garbage-first heap   total reserved 1929216K, committed 55296K, used 30358K [0x000000008a400000, 0x0000000100000000)
  region size 1024K, 3 young (3072K), 3 survivors (3072K)
 Metaspace       used 65912K, committed 66624K, reserved 1114112K
  class space    used 8898K, committed 9216K, reserved 1048576K
}
Event: 16.501 GC heap before
{Heap before GC invocations=16 (full 0):
 garbage-first heap   total reserved 1929216K, committed 55296K, used 47766K [0x000000008a400000, 0x0000000100000000)
  region size 1024K, 20 young (20480K), 3 survivors (3072K)
 Metaspace       used 67146K, committed 67840K, reserved 1114112K
  class space    used 9036K, committed 9344K, reserved 1048576K
}
Event: 16.505 GC heap after
{Heap after GC invocations=17 (full 0):
 garbage-first heap   total reserved 1929216K, committed 55296K, used 31779K [0x000000008a400000, 0x0000000100000000)
  region size 1024K, 2 young (2048K), 2 survivors (2048K)
 Metaspace       used 67146K, committed 67840K, reserved 1114112K
  class space    used 9036K, committed 9344K, reserved 1048576K
}
Event: 17.136 GC heap before
{Heap before GC invocations=18 (full 0):
 garbage-first heap   total reserved 1929216K, committed 55296K, used 48163K [0x000000008a400000, 0x0000000100000000)
  region size 1024K, 18 young (18432K), 2 survivors (2048K)
 Metaspace       used 69433K, committed 70208K, reserved 1114112K
  class space    used 9373K, committed 9728K, reserved 1048576K
}
Event: 17.139 GC heap after
{Heap after GC invocations=19 (full 0):
 garbage-first heap   total reserved 1929216K, committed 55296K, used 33564K [0x000000008a400000, 0x0000000100000000)
  region size 1024K, 3 young (3072K), 3 survivors (3072K)
 Metaspace       used 69433K, committed 70208K, reserved 1114112K
  class space    used 9373K, committed 9728K, reserved 1048576K
}
Event: 17.528 GC heap before
{Heap before GC invocations=19 (full 0):
 garbage-first heap   total reserved 1929216K, committed 55296K, used 47900K [0x000000008a400000, 0x0000000100000000)
  region size 1024K, 17 young (17408K), 3 survivors (3072K)
 Metaspace       used 70806K, committed 71616K, reserved 1114112K
  class space    used 9544K, committed 9920K, reserved 1048576K
}
Event: 17.532 GC heap after
{Heap after GC invocations=20 (full 0):
 garbage-first heap   total reserved 1929216K, committed 55296K, used 34956K [0x000000008a400000, 0x0000000100000000)
  region size 1024K, 2 young (2048K), 2 survivors (2048K)
 Metaspace       used 70806K, committed 71616K, reserved 1114112K
  class space    used 9544K, committed 9920K, reserved 1048576K
}

Dll operation events (15 events):
Event: 0.031 Loaded shared library C:\Users\chath\.jdks\corretto-22.0.2\bin\java.dll
Event: 0.132 Loaded shared library C:\Users\chath\.jdks\corretto-22.0.2\bin\jsvml.dll
Event: 0.415 Loaded shared library C:\Users\chath\.jdks\corretto-22.0.2\bin\zip.dll
Event: 0.425 Loaded shared library C:\Users\chath\.jdks\corretto-22.0.2\bin\instrument.dll
Event: 0.438 Loaded shared library C:\Users\chath\.jdks\corretto-22.0.2\bin\net.dll
Event: 0.443 Loaded shared library C:\Users\chath\.jdks\corretto-22.0.2\bin\nio.dll
Event: 0.455 Loaded shared library C:\Users\chath\.jdks\corretto-22.0.2\bin\zip.dll
Event: 0.809 Loaded shared library C:\Program Files\JetBrains\IntelliJ IDEA Community Edition 2023.2.4\bin\breakgen64.dll
Event: 0.846 Loaded shared library C:\Users\chath\.jdks\corretto-22.0.2\bin\extnet.dll
Event: 0.956 Loaded shared library C:\Users\chath\.jdks\corretto-22.0.2\bin\jimage.dll
Event: 3.511 Loaded shared library C:\Users\chath\.jdks\corretto-22.0.2\bin\le.dll
Event: 4.805 Loaded shared library C:\Users\chath\.jdks\corretto-22.0.2\bin\sunmscapi.dll
Event: 9.953 Loaded shared library C:\Users\chath\.jdks\corretto-22.0.2\bin\management.dll
Event: 9.969 Loaded shared library C:\Users\chath\.jdks\corretto-22.0.2\bin\management_ext.dll
Event: 11.395 Loaded shared library C:\Users\chath\.jdks\corretto-22.0.2\bin\verify.dll

Deoptimization events (20 events):
Event: 130.471 Thread 0x000002c8f38667f0 Uncommon trap: trap_request=0xffffff45 fr.pc=0x000002c8a016dc90 relative=0x0000000000001750
Event: 130.471 Thread 0x000002c8f38667f0 Uncommon trap: reason=unstable_if action=reinterpret pc=0x000002c8a016dc90 method=java.util.concurrent.ConcurrentMap.computeIfAbsent(Ljava/lang/Object;Ljava/util/function/Function;)Ljava/lang/Object; @ 41 c2
Event: 130.471 Thread 0x000002c8f38667f0 DEOPT PACKING pc=0x000002c8a016dc90 sp=0x000000d917bfd780
Event: 130.471 Thread 0x000002c8f38667f0 DEOPT UNPACKING pc=0x000002c89fa446a2 sp=0x000000d917bfd688 mode 2
Event: 130.474 Thread 0x000002c8f38667f0 Uncommon trap: trap_request=0xffffff45 fr.pc=0x000002c8a0143f28 relative=0x0000000000000668
Event: 130.474 Thread 0x000002c8f38667f0 Uncommon trap: reason=unstable_if action=reinterpret pc=0x000002c8a0143f28 method=java.util.concurrent.ConcurrentMap.computeIfAbsent(Ljava/lang/Object;Ljava/util/function/Function;)Ljava/lang/Object; @ 41 c2
Event: 130.474 Thread 0x000002c8f38667f0 DEOPT PACKING pc=0x000002c8a0143f28 sp=0x000000d917bfcba0
Event: 130.474 Thread 0x000002c8f38667f0 DEOPT UNPACKING pc=0x000002c89fa446a2 sp=0x000000d917bfcb78 mode 2
Event: 130.476 Thread 0x000002c8f3865440 Uncommon trap: trap_request=0xffffff45 fr.pc=0x000002c8a0244214 relative=0x0000000000000654
Event: 130.476 Thread 0x000002c8f3865440 Uncommon trap: reason=unstable_if action=reinterpret pc=0x000002c8a0244214 method=java.lang.reflect.Executable.declaredAnnotations()Ljava/util/Map; @ 19 c2
Event: 130.476 Thread 0x000002c8f3865440 DEOPT PACKING pc=0x000002c8a0244214 sp=0x000000d917afca80
Event: 130.476 Thread 0x000002c8f3865440 DEOPT UNPACKING pc=0x000002c89fa446a2 sp=0x000000d917afc960 mode 2
Event: 130.477 Thread 0x000002c8f3865440 Uncommon trap: trap_request=0xffffff45 fr.pc=0x000002c8a0143f28 relative=0x0000000000000668
Event: 130.477 Thread 0x000002c8f3865440 Uncommon trap: reason=unstable_if action=reinterpret pc=0x000002c8a0143f28 method=java.util.concurrent.ConcurrentMap.computeIfAbsent(Ljava/lang/Object;Ljava/util/function/Function;)Ljava/lang/Object; @ 41 c2
Event: 130.477 Thread 0x000002c8f3865440 DEOPT PACKING pc=0x000002c8a0143f28 sp=0x000000d917afd220
Event: 130.477 Thread 0x000002c8f3865440 DEOPT UNPACKING pc=0x000002c89fa446a2 sp=0x000000d917afd1f8 mode 2
Event: 130.524 Thread 0x000002c8f3865440 Uncommon trap: trap_request=0xffffff45 fr.pc=0x000002c8a0307e98 relative=0x00000000000007d8
Event: 130.524 Thread 0x000002c8f3865440 Uncommon trap: reason=unstable_if action=reinterpret pc=0x000002c8a0307e98 method=java.lang.reflect.Executable.declaredAnnotations()Ljava/util/Map; @ 19 c2
Event: 130.524 Thread 0x000002c8f3865440 DEOPT PACKING pc=0x000002c8a0307e98 sp=0x000000d917afc850
Event: 130.524 Thread 0x000002c8f3865440 DEOPT UNPACKING pc=0x000002c89fa446a2 sp=0x000000d917afc738 mode 2

Classes loaded (20 events):
Event: 129.962 Loading class java/nio/channels/spi/AbstractSelectionKey done
Event: 129.962 Loading class sun/nio/ch/SelectionKeyImpl done
Event: 129.968 Loading class java/lang/invoke/ConstantBootstraps
Event: 129.970 Loading class java/lang/invoke/ConstantBootstraps done
Event: 130.132 Loading class sun/nio/cs/ThreadLocalCoders
Event: 130.132 Loading class sun/nio/cs/ThreadLocalCoders done
Event: 130.132 Loading class sun/nio/cs/ThreadLocalCoders$1
Event: 130.133 Loading class sun/nio/cs/ThreadLocalCoders$Cache
Event: 130.133 Loading class sun/nio/cs/ThreadLocalCoders$Cache done
Event: 130.133 Loading class sun/nio/cs/ThreadLocalCoders$1 done
Event: 130.133 Loading class sun/nio/cs/ThreadLocalCoders$2
Event: 130.133 Loading class sun/nio/cs/ThreadLocalCoders$2 done
Event: 130.133 Loading class sun/nio/cs/ISO_8859_1$Decoder
Event: 130.134 Loading class sun/nio/cs/ISO_8859_1$Decoder done
Event: 130.228 Loading class java/util/concurrent/locks/ReentrantReadWriteLock$Sync$HoldCounter
Event: 130.229 Loading class java/util/concurrent/locks/ReentrantReadWriteLock$Sync$HoldCounter done
Event: 130.429 Loading class java/time/format/DateTimeFormatterBuilder$ZoneTextPrinterParser
Event: 130.430 Loading class java/time/format/DateTimeFormatterBuilder$ZoneTextPrinterParser done
Event: 130.430 Loading class java/time/format/DateTimeFormatterBuilder$ReducedPrinterParser
Event: 130.431 Loading class java/time/format/DateTimeFormatterBuilder$ReducedPrinterParser done

Classes unloaded (0 events):
No events

Classes redefined (0 events):
No events

Internal exceptions (20 events):
Event: 15.708 Thread 0x000002c88dc6d990 Exception <a 'java/lang/IncompatibleClassChangeError'{0x000000008f4681c0}: Found class java.lang.Object, but interface was expected> (0x000000008f4681c0) 
thrown [s\src\hotspot\share\interpreter\linkResolver.cpp, line 841]
Event: 15.766 Thread 0x000002c88dc6d990 Exception <a 'java/lang/IncompatibleClassChangeError'{0x000000008d2fb8a0}: Found class java.lang.Object, but interface was expected> (0x000000008d2fb8a0) 
thrown [s\src\hotspot\share\interpreter\linkResolver.cpp, line 841]
Event: 16.026 Thread 0x000002c88dc6d990 Exception <a 'java/lang/IncompatibleClassChangeError'{0x000000008ca44e78}: Found class java.lang.Object, but interface was expected> (0x000000008ca44e78) 
thrown [s\src\hotspot\share\interpreter\linkResolver.cpp, line 841]
Event: 16.177 Thread 0x000002c88dc6d990 Implicit null exception at 0x000002c8a01b19e6 to 0x000002c8a01b1be8
Event: 16.356 Thread 0x000002c88dc6d990 Exception <a 'java/lang/NoSuchMethodError'{0x000000008d085da0}: 'java.lang.Object java.lang.invoke.DirectMethodHandle$Holder.newInvokeSpecial(java.lang.Object, java.lang.Object, java.lang.Object, java.lang.Object, java.lang.Object, java.lang.Object, java.lang.Object, java.lang.Object)'> (0x000000008d085da0) 
thrown [s\src\hotspot\share\interpreter\linkResolver.cpp, line 774]
Event: 16.988 Thread 0x000002c88dc6d990 Exception <a 'java/lang/IncompatibleClassChangeError'{0x000000008cebe3b0}: Found class java.lang.Object, but interface was expected> (0x000000008cebe3b0) 
thrown [s\src\hotspot\share\interpreter\linkResolver.cpp, line 841]
Event: 17.061 Thread 0x000002c88dc6d990 Exception <a 'java/lang/NoSuchMethodError'{0x000000008ccadc50}: 'void java.lang.invoke.DirectMethodHandle$Holder.invokeVirtual(java.lang.Object, java.lang.Object, long)'> (0x000000008ccadc50) 
thrown [s\src\hotspot\share\interpreter\linkResolver.cpp, line 774]
Event: 17.147 Thread 0x000002c88dc6d990 Exception <a 'java/lang/NoSuchMethodError'{0x0000000091931fd0}: 'int java.lang.invoke.DirectMethodHandle$Holder.invokeStaticInit(java.lang.Object, java.lang.Object, java.lang.Object, java.lang.Object)'> (0x0000000091931fd0) 
thrown [s\src\hotspot\share\interpreter\linkResolver.cpp, line 774]
Event: 17.192 Thread 0x000002c88dc6d990 Exception <a 'java/lang/NoSuchMethodError'{0x000000008fc9e500}: 'java.lang.Object java.lang.invoke.Invokers$Holder.invoke_MT(java.lang.Object, java.lang.Object, java.lang.Object, java.lang.Object, java.lang.Object, java.lang.Object, java.lang.Object, java.lang.Object, java.lang.Object)'> (0x000000008fc9e500) 
thrown [s\src\hotspot\share\interpreter\linkResolver.cpp, line 774]
Event: 17.243 Thread 0x000002c88dc6d990 Exception <a 'java/lang/NoSuchMethodError'{0x000000008fb67530}: 'java.lang.Object java.lang.invoke.DirectMethodHandle$Holder.invokeVirtual(java.lang.Object, java.lang.Object, java.lang.Object, java.lang.Object, java.lang.Object, java.lang.Object, java.lang.Object, java.lang.Object, java.lang.Object)'> (0x000000008fb67530) 
thrown [s\src\hotspot\share\interpreter\linkResolver.cpp, line 774]
Event: 17.290 Thread 0x000002c88dc6d990 Exception <a 'java/lang/NoSuchMethodError'{0x000000008f788f80}: 'java.lang.Object java.lang.invoke.DirectMethodHandle$Holder.invokeVirtual(java.lang.Object, java.lang.Object, java.lang.Object, java.lang.Object, java.lang.Object, java.lang.Object, java.lang.Object)'> (0x000000008f788f80) 
thrown [s\src\hotspot\share\interpreter\linkResolver.cpp, line 774]
Event: 17.316 Thread 0x000002c88dc6d990 Exception <a 'java/lang/NoSuchMethodError'{0x000000008f640408}: 'java.lang.Object java.lang.invoke.DirectMethodHandle$Holder.invokeVirtual(java.lang.Object, java.lang.Object, java.lang.Object, java.lang.Object, java.lang.Object, java.lang.Object, java.lang.Object, java.lang.Object, java.lang.Object, java.lang.Object)'> (0x000000008f640408) 
thrown [s\src\hotspot\share\interpreter\linkResolver.cpp, line 774]
Event: 17.363 Thread 0x000002c88dc6d990 Exception <a 'java/lang/IncompatibleClassChangeError'{0x000000008f5a1b78}: Found class java.lang.Object, but interface was expected> (0x000000008f5a1b78) 
thrown [s\src\hotspot\share\interpreter\linkResolver.cpp, line 841]
Event: 17.383 Thread 0x000002c88dc6d990 Implicit null exception at 0x000002c8a00e52e8 to 0x000002c8a00e5538
Event: 17.471 Thread 0x000002c88dc6d990 Exception <a 'java/lang/NoSuchMethodError'{0x000000008ceb10f0}: 'java.lang.Object java.lang.invoke.Invokers$Holder.invoke_MT(java.lang.Object, java.lang.Object, java.lang.Object, java.lang.Object, java.lang.Object, java.lang.Object, java.lang.Object, java.lang.Object, java.lang.Object, java.lang.Object, java.lang.Object)'> (0x000000008ceb10f0) 
thrown [s\src\hotspot\share\interpreter\linkResolver.cpp, line 774]
Event: 17.541 Thread 0x000002c88dc6d990 Exception <a 'java/lang/NoSuchMethodError'{0x0000000091985b28}: 'java.lang.Object java.lang.invoke.DirectMethodHandle$Holder.newInvokeSpecial(java.lang.Object, java.lang.Object, int, java.lang.Object, java.lang.Object)'> (0x0000000091985b28) 
thrown [s\src\hotspot\share\interpreter\linkResolver.cpp, line 774]
Event: 130.117 Thread 0x000002c8f3865440 Exception <a 'java/lang/NoSuchMethodError'{0x000000008f622bb0}: 'java.lang.Object java.lang.invoke.DirectMethodHandle$Holder.invokeSpecial(java.lang.Object, java.lang.Object, java.lang.Object, java.lang.Object, java.lang.Object, long)'> (0x000000008f622bb0) 
thrown [s\src\hotspot\share\interpreter\linkResolver.cpp, line 774]
Event: 130.118 Thread 0x000002c8f3865440 Exception <a 'java/lang/NoSuchMethodError'{0x000000008f626338}: 'java.lang.Object java.lang.invoke.Invokers$Holder.linkToTargetMethod(java.lang.Object, java.lang.Object, java.lang.Object, long, java.lang.Object)'> (0x000000008f626338) 
thrown [s\src\hotspot\share\interpreter\linkResolver.cpp, line 774]
Event: 130.526 Thread 0x000002c8f3865440 Exception <a 'java/lang/NoSuchMethodError'{0x000000008d29d4c8}: 'java.lang.Object java.lang.invoke.DirectMethodHandle$Holder.invokeVirtual(java.lang.Object, java.lang.Object, int)'> (0x000000008d29d4c8) 
thrown [s\src\hotspot\share\interpreter\linkResolver.cpp, line 774]
Event: 130.526 Thread 0x000002c8f38667f0 Exception <a 'java/lang/NoSuchMethodError'{0x000000008d2defe8}: 'java.lang.Object java.lang.invoke.DirectMethodHandle$Holder.invokeVirtual(java.lang.Object, java.lang.Object, int)'> (0x000000008d2defe8) 
thrown [s\src\hotspot\share\interpreter\linkResolver.cpp, line 774]

ZGC Phase Switch (0 events):
No events

VM Operations (20 events):
Event: 60.040 Executing VM operation: HandshakeAllThreads (HandshakeForDeflation)
Event: 60.040 Executing VM operation: HandshakeAllThreads (HandshakeForDeflation) done
Event: 60.040 Executing VM operation: RendezvousGCThreads
Event: 60.040 Executing VM operation: RendezvousGCThreads done
Event: 71.146 Executing VM operation: Cleanup
Event: 71.146 Executing VM operation: Cleanup done
Event: 81.240 Executing VM operation: Cleanup
Event: 81.240 Executing VM operation: Cleanup done
Event: 95.372 Executing VM operation: Cleanup
Event: 95.372 Executing VM operation: Cleanup done
Event: 101.402 Executing VM operation: Cleanup
Event: 101.402 Executing VM operation: Cleanup done
Event: 130.172 Executing VM operation: HandshakeAllThreads (Deoptimize)
Event: 130.173 Executing VM operation: HandshakeAllThreads (Deoptimize) done
Event: 130.173 Executing VM operation: Cleanup
Event: 130.174 Executing VM operation: Cleanup done
Event: 130.195 Executing VM operation: HandshakeAllThreads (Deoptimize)
Event: 130.195 Executing VM operation: HandshakeAllThreads (Deoptimize) done
Event: 130.500 Executing VM operation: HandshakeAllThreads (Deoptimize)
Event: 130.500 Executing VM operation: HandshakeAllThreads (Deoptimize) done

Memory protections (0 events):
No events

Nmethod flushes (20 events):
Event: 16.530 Thread 0x000002c8acb1cd10 flushing  nmethod 0x000002c898640490
Event: 16.530 Thread 0x000002c8acb1cd10 flushing  nmethod 0x000002c89866c810
Event: 16.530 Thread 0x000002c8acb1cd10 flushing  nmethod 0x000002c89869b890
Event: 16.530 Thread 0x000002c8acb1cd10 flushing  nmethod 0x000002c8986f8f90
Event: 16.530 Thread 0x000002c8acb1cd10 flushing  nmethod 0x000002c8986f9590
Event: 16.530 Thread 0x000002c8acb1cd10 flushing  nmethod 0x000002c898727290
Event: 16.530 Thread 0x000002c8acb1cd10 flushing  nmethod 0x000002c8987f1390
Event: 16.530 Thread 0x000002c8acb1cd10 flushing  nmethod 0x000002c8987f3590
Event: 16.530 Thread 0x000002c8acb1cd10 flushing  nmethod 0x000002c8987f6210
Event: 16.530 Thread 0x000002c8acb1cd10 flushing  nmethod 0x000002c8988ff110
Event: 16.530 Thread 0x000002c8acb1cd10 flushing  nmethod 0x000002c898901b90
Event: 16.530 Thread 0x000002c8acb1cd10 flushing  nmethod 0x000002c898952990
Event: 16.530 Thread 0x000002c8acb1cd10 flushing  nmethod 0x000002c898954c90
Event: 16.530 Thread 0x000002c8acb1cd10 flushing  nmethod 0x000002c898956290
Event: 16.530 Thread 0x000002c8acb1cd10 flushing  nmethod 0x000002c898d01310
Event: 16.530 Thread 0x000002c8acb1cd10 flushing  nmethod 0x000002c898d47c10
Event: 16.530 Thread 0x000002c8acb1cd10 flushing  nmethod 0x000002c898ec6010
Event: 16.530 Thread 0x000002c8acb1cd10 flushing  nmethod 0x000002c898ec6410
Event: 16.530 Thread 0x000002c8acb1cd10 flushing  nmethod 0x000002c898ec7e10
Event: 16.531 Thread 0x000002c8acb1cd10 flushing  nmethod 0x000002c898f20190

Events (20 events):
Event: 10.299 Thread 0x000002c8f4521300 Thread added: 0x000002c8f3711a00
Event: 10.303 Thread 0x000002c88dc6d990 Thread added: 0x000002c8f3864090
Event: 10.364 Thread 0x000002c88dc6d990 Thread added: 0x000002c8f3867510
Event: 13.051 Thread 0x000002c88dc6d990 Thread added: 0x000002c8f3864720
Event: 13.162 Thread 0x000002c8f3864720 Thread added: 0x000002c8f3866e80
Event: 17.555 Thread 0x000002c88dc6d990 Thread added: 0x000002c8f3865440
Event: 17.555 Thread 0x000002c88dc6d990 Thread added: 0x000002c8f38667f0
Event: 17.556 Thread 0x000002c88dc6d990 Thread added: 0x000002c8f3865ad0
Event: 17.556 Thread 0x000002c88dc6d990 Thread added: 0x000002c8f3866160
Event: 17.556 Thread 0x000002c88dc6d990 Thread added: 0x000002c8f5269fc0
Event: 17.556 Thread 0x000002c88dc6d990 Thread added: 0x000002c8f526ace0
Event: 17.556 Thread 0x000002c88dc6d990 Thread added: 0x000002c8f5267ef0
Event: 17.556 Thread 0x000002c88dc6d990 Thread added: 0x000002c8f526cdb0
Event: 17.556 Thread 0x000002c88dc6d990 Thread added: 0x000002c8f526d440
Event: 17.556 Thread 0x000002c88dc6d990 Thread added: 0x000002c8f526e7f0
Event: 17.576 Thread 0x000002c88dc6d990 Thread added: 0x000002c8f526b370
Event: 17.578 Thread 0x000002c88dc6d990 Thread added: 0x000002c8f526a650
Event: 17.600 Thread 0x000002c88dc6d990 Thread exited: 0x000002c88dc6d990
Event: 17.601 Thread 0x000002c8f526dad0 Thread added: 0x000002c8f526dad0
Event: 18.780 Thread 0x000002c8f3866e80 Thread exited: 0x000002c8f3866e80


Dynamic libraries:
0x00007ff692220000 - 0x00007ff69222e000 	C:\Users\chath\.jdks\corretto-22.0.2\bin\java.exe
0x00007fff1dbb0000 - 0x00007fff1ddc7000 	C:\WINDOWS\SYSTEM32\ntdll.dll
0x00007ffedc9a0000 - 0x00007ffedc9c0000 	C:\Program Files\Avast Software\Avast\aswhook.dll
0x00007fff1cbf0000 - 0x00007fff1ccb4000 	C:\WINDOWS\System32\KERNEL32.DLL
0x00007fff1ad40000 - 0x00007fff1b112000 	C:\WINDOWS\System32\KERNELBASE.dll
0x00007fff1b570000 - 0x00007fff1b681000 	C:\WINDOWS\System32\ucrtbase.dll
0x00007fff01810000 - 0x00007fff01827000 	C:\Users\chath\.jdks\corretto-22.0.2\bin\jli.dll
0x00007fff1c020000 - 0x00007fff1c1d1000 	C:\WINDOWS\System32\USER32.dll
0x00007fff1b540000 - 0x00007fff1b566000 	C:\WINDOWS\System32\win32u.dll
0x00007fff0a4b0000 - 0x00007fff0a4cb000 	C:\Users\chath\.jdks\corretto-22.0.2\bin\VCRUNTIME140.dll
0x00007fff1ba70000 - 0x00007fff1ba99000 	C:\WINDOWS\System32\GDI32.dll
0x00007fff1b690000 - 0x00007fff1b7b3000 	C:\WINDOWS\System32\gdi32full.dll
0x00007fff11370000 - 0x00007fff1160b000 	C:\WINDOWS\WinSxS\amd64_microsoft.windows.common-controls_6595b64144ccf1df_6.0.22621.5547_none_27104afb73855772\COMCTL32.dll
0x00007fff1aca0000 - 0x00007fff1ad3a000 	C:\WINDOWS\System32\msvcp_win.dll
0x00007fff1bf70000 - 0x00007fff1c017000 	C:\WINDOWS\System32\msvcrt.dll
0x00007fff1cf90000 - 0x00007fff1cfc1000 	C:\WINDOWS\System32\IMM32.DLL
0x00007fff0a1b0000 - 0x00007fff0a1bc000 	C:\Users\chath\.jdks\corretto-22.0.2\bin\vcruntime140_1.dll
0x00007ffeda0b0000 - 0x00007ffeda13d000 	C:\Users\chath\.jdks\corretto-22.0.2\bin\msvcp140.dll
0x00007ffeb06f0000 - 0x00007ffeb14c1000 	C:\Users\chath\.jdks\corretto-22.0.2\bin\server\jvm.dll
0x00007fff1b9b0000 - 0x00007fff1ba61000 	C:\WINDOWS\System32\ADVAPI32.dll
0x00007fff1d100000 - 0x00007fff1d1a8000 	C:\WINDOWS\System32\sechost.dll
0x00007fff1b450000 - 0x00007fff1b478000 	C:\WINDOWS\System32\bcrypt.dll
0x00007fff1c330000 - 0x00007fff1c444000 	C:\WINDOWS\System32\RPCRT4.dll
0x00007fff1c2b0000 - 0x00007fff1c321000 	C:\WINDOWS\System32\WS2_32.dll
0x00007fff163f0000 - 0x00007fff16424000 	C:\WINDOWS\SYSTEM32\WINMM.dll
0x00007fff128c0000 - 0x00007fff128ca000 	C:\WINDOWS\SYSTEM32\VERSION.dll
0x00007fff1a9c0000 - 0x00007fff1aa0d000 	C:\WINDOWS\SYSTEM32\POWRPROF.dll
0x00007fff1a990000 - 0x00007fff1a9a3000 	C:\WINDOWS\SYSTEM32\UMPDC.dll
0x00007fff19cb0000 - 0x00007fff19cc8000 	C:\WINDOWS\SYSTEM32\kernel.appcore.dll
0x00007fff081f0000 - 0x00007fff081fa000 	C:\Users\chath\.jdks\corretto-22.0.2\bin\jimage.dll
0x00007fff186b0000 - 0x00007fff188e3000 	C:\WINDOWS\SYSTEM32\DBGHELP.DLL
0x00007fff1c450000 - 0x00007fff1c7e3000 	C:\WINDOWS\System32\combase.dll
0x00007fff1cd40000 - 0x00007fff1ce17000 	C:\WINDOWS\System32\OLEAUT32.dll
0x00007fff110c0000 - 0x00007fff110f2000 	C:\WINDOWS\SYSTEM32\dbgcore.DLL
0x00007fff1b120000 - 0x00007fff1b19b000 	C:\WINDOWS\System32\bcryptPrimitives.dll
0x00007fff0b940000 - 0x00007fff0b94e000 	C:\Users\chath\.jdks\corretto-22.0.2\bin\instrument.dll
0x00007fff01000000 - 0x00007fff0101e000 	C:\Users\chath\.jdks\corretto-22.0.2\bin\java.dll
0x00007fff1d1b0000 - 0x00007fff1da52000 	C:\WINDOWS\System32\SHELL32.dll
0x00007fff1b310000 - 0x00007fff1b44f000 	C:\WINDOWS\System32\wintypes.dll
0x00007fff1c7f0000 - 0x00007fff1c990000 	C:\WINDOWS\System32\ole32.dll
0x00007fff18b80000 - 0x00007fff1949d000 	C:\WINDOWS\SYSTEM32\windows.storage.dll
0x00007fff1b8a0000 - 0x00007fff1b9ac000 	C:\WINDOWS\System32\SHCORE.dll
0x00007fff1cb60000 - 0x00007fff1cbc9000 	C:\WINDOWS\System32\shlwapi.dll
0x00007fff1abd0000 - 0x00007fff1abfb000 	C:\WINDOWS\SYSTEM32\profapi.dll
0x00007ffed9cd0000 - 0x00007ffed9da7000 	C:\Users\chath\.jdks\corretto-22.0.2\bin\jsvml.dll
0x00007ffefdca0000 - 0x00007ffefdcb7000 	C:\Users\chath\.jdks\corretto-22.0.2\bin\zip.dll
0x00007fff04150000 - 0x00007fff04160000 	C:\Users\chath\.jdks\corretto-22.0.2\bin\net.dll
0x00007fff1a150000 - 0x00007fff1a1b9000 	C:\WINDOWS\system32\mswsock.dll
0x00007ffefdcc0000 - 0x00007ffefdcd6000 	C:\Users\chath\.jdks\corretto-22.0.2\bin\nio.dll
0x00007fff0a4d0000 - 0x00007fff0a4ea000 	C:\Program Files\JetBrains\IntelliJ IDEA Community Edition 2023.2.4\bin\breakgen64.dll
0x00007fff01dc0000 - 0x00007fff01dc9000 	C:\Users\chath\.jdks\corretto-22.0.2\bin\extnet.dll
0x00007fff01a60000 - 0x00007fff01a6b000 	C:\Users\chath\.jdks\corretto-22.0.2\bin\le.dll
0x00007fff01e70000 - 0x00007fff01e7e000 	C:\Users\chath\.jdks\corretto-22.0.2\bin\sunmscapi.dll
0x00007fff1b1a0000 - 0x00007fff1b307000 	C:\WINDOWS\System32\CRYPT32.dll
0x00007fff1a5d0000 - 0x00007fff1a5fd000 	C:\WINDOWS\SYSTEM32\ncrypt.dll
0x00007fff1a590000 - 0x00007fff1a5c7000 	C:\WINDOWS\SYSTEM32\NTASN1.dll
0x00007fff1a3b0000 - 0x00007fff1a3cb000 	C:\WINDOWS\SYSTEM32\CRYPTSP.dll
0x00007fff19c10000 - 0x00007fff19c47000 	C:\WINDOWS\system32\rsaenh.dll
0x00007fff1a240000 - 0x00007fff1a268000 	C:\WINDOWS\SYSTEM32\USERENV.dll
0x00007fff1a3a0000 - 0x00007fff1a3ac000 	C:\WINDOWS\SYSTEM32\CRYPTBASE.dll
0x00007fff19710000 - 0x00007fff1973d000 	C:\WINDOWS\SYSTEM32\IPHLPAPI.DLL
0x00007fff1cbd0000 - 0x00007fff1cbd9000 	C:\WINDOWS\System32\NSI.dll
0x00007fff152c0000 - 0x00007fff152c9000 	C:\Users\chath\.jdks\corretto-22.0.2\bin\management.dll
0x00007fff0e730000 - 0x00007fff0e73b000 	C:\Users\chath\.jdks\corretto-22.0.2\bin\management_ext.dll
0x00007fff1cf80000 - 0x00007fff1cf88000 	C:\WINDOWS\System32\PSAPI.DLL
0x00007ffefdc90000 - 0x00007ffefdca0000 	C:\Users\chath\.jdks\corretto-22.0.2\bin\verify.dll
0x00007fff19780000 - 0x00007fff19878000 	C:\WINDOWS\SYSTEM32\DNSAPI.dll
0x00007fff16210000 - 0x00007fff1621a000 	C:\Windows\System32\rasadhlp.dll
0x00007fff15eb0000 - 0x00007fff15f34000 	C:\WINDOWS\System32\fwpuclnt.dll
0x00007ffe695e0000 - 0x00007ffe695e8000 	C:\WINDOWS\system32\wshunix.dll

dbghelp: loaded successfully - version: 4.0.5 - missing functions: none
symbol engine: initialized successfully - sym options: 0x614 - pdb path: .;C:\Users\chath\.jdks\corretto-22.0.2\bin;C:\WINDOWS\SYSTEM32;C:\Program Files\Avast Software\Avast;C:\WINDOWS\WinSxS\amd64_microsoft.windows.common-controls_6595b64144ccf1df_6.0.22621.5547_none_27104afb73855772;C:\Users\chath\.jdks\corretto-22.0.2\bin\server;C:\Program Files\JetBrains\IntelliJ IDEA Community Edition 2023.2.4\bin

VM Arguments:
jvm_args: -javaagent:C:\Program Files\JetBrains\IntelliJ IDEA Community Edition 2023.2.4\lib\idea_rt.jar=62431:C:\Program Files\JetBrains\IntelliJ IDEA Community Edition 2023.2.4\bin -Dfile.encoding=UTF-8 -Dsun.stdout.encoding=UTF-8 -Dsun.stderr.encoding=UTF-8 
java_command: edu.icet.Main
java_class_path (initial): C:\Users\chath\Desktop\Health Care App\PROJECT\Dev project\Backend\target\classes;C:\Users\chath\.m2\repository\org\springframework\boot\spring-boot-starter-web\3.4.3\spring-boot-starter-web-3.4.3.jar;C:\Users\chath\.m2\repository\org\springframework\boot\spring-boot-starter\3.4.3\spring-boot-starter-3.4.3.jar;C:\Users\chath\.m2\repository\org\springframework\boot\spring-boot\3.4.3\spring-boot-3.4.3.jar;C:\Users\chath\.m2\repository\org\springframework\boot\spring-boot-autoconfigure\3.4.3\spring-boot-autoconfigure-3.4.3.jar;C:\Users\chath\.m2\repository\org\springframework\boot\spring-boot-starter-logging\3.4.3\spring-boot-starter-logging-3.4.3.jar;C:\Users\chath\.m2\repository\ch\qos\logback\logback-classic\1.5.16\logback-classic-1.5.16.jar;C:\Users\chath\.m2\repository\ch\qos\logback\logback-core\1.5.16\logback-core-1.5.16.jar;C:\Users\chath\.m2\repository\org\apache\logging\log4j\log4j-to-slf4j\2.24.3\log4j-to-slf4j-2.24.3.jar;C:\Users\chath\.m2\repository\org\apache\logging\log4j\log4j-api\2.24.3\log4j-api-2.24.3.jar;C:\Users\chath\.m2\repository\org\slf4j\jul-to-slf4j\2.0.16\jul-to-slf4j-2.0.16.jar;C:\Users\chath\.m2\repository\jakarta\annotation\jakarta.annotation-api\2.1.1\jakarta.annotation-api-2.1.1.jar;C:\Users\chath\.m2\repository\org\springframework\spring-core\6.2.3\spring-core-6.2.3.jar;C:\Users\chath\.m2\repository\org\springframework\spring-jcl\6.2.3\spring-jcl-6.2.3.jar;C:\Users\chath\.m2\repository\org\yaml\snakeyaml\2.3\snakeyaml-2.3.jar;C:\Users\chath\.m2\repository\org\springframework\boot\spring-boot-starter-json\3.4.3\spring-boot-starter-json-3.4.3.jar;C:\Users\chath\.m2\repository\com\fasterxml\jackson\core\jackson-databind\2.18.2\jackson-databind-2.18.2.jar;C:\Users\chath\.m2\repository\com\fasterxml\jackson\core\jackson-annotations\2.18.2\jackson-annotations-2.18.2.jar;C:\Users\chath\.m2\repository\com\fasterxml\jackson\core\jackson-core\2.18.2\jackson-core-2.18.2.jar;C:\Users\chath\.m2\repository\com\fasterxml\jackson\datatype\jackson-datatype-jdk8\2.18.2\jackson-datatype-jdk8-2.18.2.jar;C:\Users\chath\.m2\repository\com\fasterxml\jackson\datatype\jackson-datatype-jsr310\2.18.2\jackson-datatype-jsr310-2.18.2.jar;C:\Users\chath\.m2\repository\com\fasterxml\jackson\module\jackson-module-parameter-names\2.18.2\jackson-module-parameter-names-2.18.2.jar;C:\Users\chath\.m2\repository\org\springframework\boot\spring-boot-starter-tomcat\3.4.3\spring-boot-starter-tomcat-3.4.3.jar;C:\Users\chath\.m2\repository\org\apache\tomcat\embed\tomcat-embed-core\10.1.36\tomcat-embed-core-10.1.36.jar;C:\Users\chath\.m2\repository\org\apache\tomcat\embed\tomcat-embed-el\10.1.36\tomcat-embed-el-10.1.36.jar;C:\Users\chath\.m2\repository\org\apache\tomcat\embed\tomcat-embed-websocket\10.1.36\tomcat-embed-websocket-10.1.36.jar;C:\Users\chath\.m2\repository\org\springframework\spring-web\6.2.3\spring-web-6.2.3.jar;C:\Users\chath\.m2\repository\org\springframework\spring-beans\6.2.3\spring-beans-6.2.3.jar;C:\Users\chath\.m2\repository\io\micrometer\micrometer-observation\1.14.4\micrometer-observation-1.14.4.jar;C:\Users\chath\.m2\repository\io\micrometer\micrometer-commons\1.14.4\micrometer-commons-1.14.4.jar;C:\Users\chath\.m2\repository\org\springframework\spring-webmvc\6.2.3\spring-webmvc-6.2.3.jar;C:\Users\chath\.m2\repository\org\springframework\spring-aop\6.2.3\spring-aop-6.2.3.jar;C:\Users\chath\.m2\repository\org\springframework\spring-context\6.2.3\spring-context-6.2.3.jar;C:\Users\chath\.m2\repository\org\springframework\spring-expression\6.2.3\spring-expression-6.2.3.jar;C:\Users\chath\.m2\repository\org\springframework\boot\spring-boot-starter-data-jpa\3.4.3\spring-boot-starter-data-jpa-3.4.3.jar;C:\Users\chath\.m2\repository\org\springframework\boot\spring-boot-starter-jdbc\3.4.3\spring-boot-starter-jdbc-3.4.3.jar;C:\Users\chath\.m2\repository\com\zaxxer\HikariCP\5.1.0\HikariCP-5.1.0.jar;C:\Users\chath\.m2\repository\org\springframework\spring-jdbc\6.2.3\spring-jdbc-6.2.3.jar;C:\Users\chath\.m2\repository\org\hibernate\orm\hibernate-core\6.6.8.Final\hibernate-core-6.6.8.Final.jar;C:\Users\chath\.m2\repository\jakarta\persistence\jakarta.persistence-api\3.1.0\jakarta.persistence-api-3.1.0.jar;C:\Users\chath\.m2\repository\jakarta\transaction\jakarta.transaction-api\2.0.1\jakarta.transaction-api-2.0.1.jar;C:\Users\chath\.m2\repository\org\jboss\logging\jboss-logging\3.6.1.Final\jboss-logging-3.6.1.Final.jar;C:\Users\chath\.m2\repository\org\hibernate\common\hibernate-commons-annotations\7.0.3.Final\hibernate-commons-annotations-7.0.3.Final.jar;C:\Users\chath\.m2\repository\io\smallrye\jandex\3.2.0\jandex-3.2.0.jar;C:\Users\chath\.m2\repository\com\fasterxml\classmate\1.7.0\classmate-1.7.0.jar;C:\Users\chath\.m2\repository\net\bytebuddy\byte-buddy\1.15.11\byte-buddy-1.15.11.jar;C:\Users\chath\.m2\repository\jakarta\xml\bind\jakarta.xml.bind-api\4.0.2\jakarta.xml.bind-api-4.0.2.jar;C:\Users\chath\.m2\repository\jakarta\activation\jakarta.activation-api\2.1.3\jakarta.activation-api-2.1.3.jar;C:\Users\chath\.m2\repository\org\glassfish\jaxb\jaxb-runtime\4.0.5\jaxb-runtime-4.0.5.jar;C:\Users\chath\.m2\repository\org\glassfish\jaxb\jaxb-core\4.0.5\jaxb-core-4.0.5.jar;C:\Users\chath\.m2\repository\org\eclipse\angus\angus-activation\2.0.2\angus-activation-2.0.2.jar;C:\Users\chath\.m2\repository\org\glassfish\jaxb\txw2\4.0.5\txw2-4.0.5.jar;C:\Users\chath\.m2\repository\com\sun\istack\istack-commons-runtime\4.1.2\istack-commons-runtime-4.1.2.jar;C:\Users\chath\.m2\repository\jakarta\inject\jakarta.inject-api\2.0.1\jakarta.inject-api-2.0.1.jar;C:\Users\chath\.m2\repository\org\antlr\antlr4-runtime\4.13.0\antlr4-runtime-4.13.0.jar;C:\Users\chath\.m2\repository\org\springframework\data\spring-data-jpa\3.4.3\spring-data-jpa-3.4.3.jar;C:\Users\chath\.m2\repository\org\springframework\data\spring-data-commons\3.4.3\spring-data-commons-3.4.3.jar;C:\Users\chath\.m2\repository\org\springframework\spring-orm\6.2.3\spring-orm-6.2.3.jar;C:\Users\chath\.m2\repository\org\springframework\spring-tx\6.2.3\spring-tx-6.2.3.jar;C:\Users\chath\.m2\repository\org\slf4j\slf4j-api\2.0.16\slf4j-api-2.0.16.jar;C:\Users\chath\.m2\repository\org\springframework\spring-aspects\6.2.3\spring-aspects-6.2.3.jar;C:\Users\chath\.m2\repository\org\aspectj\aspectjweaver\1.9.22.1\aspectjweaver-1.9.22.1.jar;C:\Users\chath\.m2\repository\com\mysql\mysql-connector-j\9.2.0\mysql-connector-j-9.2.0.jar;C:\Users\chath\.m2\repository\org\modelmapper\modelmapper\3.2.2\modelmapper-3.2.2.jar;C:\Users\chath\.m2\repository\org\springdoc\springdoc-openapi-starter-webmvc-ui\2.8.5\springdoc-openapi-starter-webmvc-ui-2.8.5.jar;C:\Users\chath\.m2\repository\org\springdoc\springdoc-openapi-starter-webmvc-api\2.8.5\springdoc-openapi-starter-webmvc-api-2.8.5.jar;C:\Users\chath\.m2\repository\org\springdoc\springdoc-openapi-starter-common\2.8.5\springdoc-openapi-starter-common-2.8.5.jar;C:\Users\chath\.m2\repository\io\swagger\core\v3\swagger-core-jakarta\2.2.28\swagger-core-jakarta-2.2.28.jar;C:\Users\chath\.m2\repository\org\apache\commons\commons-lang3\3.17.0\commons-lang3-3.17.0.jar;C:\Users\chath\.m2\repository\io\swagger\core\v3\swagger-annotations-jakarta\2.2.28\swagger-annotations-jakarta-2.2.28.jar;C:\Users\chath\.m2\repository\io\swagger\core\v3\swagger-models-jakarta\2.2.28\swagger-models-jakarta-2.2.28.jar;C:\Users\chath\.m2\repository\jakarta\validation\jakarta.validation-api\3.0.2\jakarta.validation-api-3.0.2.jar;C:\Users\chath\.m2\repository\com\fasterxml\jackson\dataformat\jackson-dataformat-yaml\2.18.2\jackson-dataformat-yaml-2.18.2.jar;C:\Users\chath\.m2\repository\org\webjars\swagger-ui\5.18.3\swagger-ui-5.18.3.jar;C:\Users\chath\.m2\repository\org\webjars\webjars-locator-lite\1.0.1\webjars-locator-lite-1.0.1.jar;C:\Users\chath\.m2\repository\org\jspecify\jspecify\1.0.0\jspecify-1.0.0.jar
Launcher Type: SUN_STANDARD

[Global flags]
     intx CICompilerCount                          = 4                                         {product} {ergonomic}
     uint ConcGCThreads                            = 3                                         {product} {ergonomic}
     uint G1ConcRefinementThreads                  = 10                                        {product} {ergonomic}
   size_t G1HeapRegionSize                         = 1048576                                   {product} {ergonomic}
   size_t InitialHeapSize                          = 123731968                                 {product} {ergonomic}
   size_t MarkStackSize                            = 4194304                                   {product} {ergonomic}
   size_t MaxHeapSize                              = 1975517184                                {product} {ergonomic}
   size_t MaxNewSize                               = 1184890880                                {product} {ergonomic}
   size_t MinHeapDeltaBytes                        = 1048576                                   {product} {ergonomic}
   size_t MinHeapSize                              = 8388608                                   {product} {ergonomic}
    uintx NonNMethodCodeHeapSize                   = 5839372                                {pd product} {ergonomic}
    uintx NonProfiledCodeHeapSize                  = 122909434                              {pd product} {ergonomic}
    uintx ProfiledCodeHeapSize                     = 122909434                              {pd product} {ergonomic}
    uintx ReservedCodeCacheSize                    = 251658240                              {pd product} {ergonomic}
     bool SegmentedCodeCache                       = true                                      {product} {ergonomic}
   size_t SoftMaxHeapSize                          = 1975517184                             {manageable} {ergonomic}
     bool UseCompressedOops                        = true                           {product lp64_product} {ergonomic}
     bool UseG1GC                                  = true                                      {product} {ergonomic}
     bool UseLargePagesIndividualAllocation        = false                                  {pd product} {ergonomic}

Logging:
Log output configuration:
 #0: stdout all=warning uptime,level,tags foldmultilines=false
 #1: stderr all=off uptime,level,tags foldmultilines=false

Environment Variables:
JAVA_HOME=C:\Program Files\Java\jdk-21
PATH=C:\Python313\Scripts\;C:\Python313\;C:\Program Files\Java\jdk-11.0.16\bin;C:\Program Files (x86)\Common Files\Oracle\Java\javapath;C:\Program Files (x86)\Common Files\Intel\Shared Libraries\redist\intel64\compiler;C:\WINDOWS\system32;C:\WINDOWS;C:\WINDOWS\System32\Wbem;C:\WINDOWS\System32\WindowsPowerShell\v1.0\;C:\WINDOWS\System32\OpenSSH\;C:\Program Files\Azure Data Studio\bin;C:\Program Files\Java\jdk-21\bin;C:\Program Files\dotnet\;C:\ProgramData\chocolatey\bin;C:\Program Files\nodejs\;C:\Users\chath\AppData\Local\Microsoft\WindowsApps;C:\Users\chath\AppData\Local\Programs\Microsoft VS Code\bin;C:\Users\chath\AppData\Local\GitHubDesktop\bin;C:\Users\chath\AppData\Local\Programs\Git\cmd;C:\Users\chath\AppData\Roaming\npm
USERNAME=chath
OS=Windows_NT
PROCESSOR_IDENTIFIER=AMD64 Family 23 Model 104 Stepping 1, AuthenticAMD
TMP=C:\Users\chath\AppData\Local\Temp
TEMP=C:\Users\chath\AppData\Local\Temp




Periodic native trim disabled

---------------  S Y S T E M  ---------------

OS:
 Windows 11 , 64 bit Build 22621 (10.0.22621.5415)
OS uptime: 1 days 4:01 hours
Hyper-V role detected

CPU: total 12 (initial active 12) (12 cores per cpu, 2 threads per core) family 23 model 104 stepping 1 microcode 0x0, cx8, cmov, fxsr, ht, mmx, 3dnowpref, sse, sse2, sse3, ssse3, sse4a, sse4.1, sse4.2, popcnt, lzcnt, tsc, tscinvbit, avx, avx2, aes, clmul, bmi1, bmi2, adx, sha, fma, vzeroupper, clflush, clflushopt, hv, rdtscp, rdpid, f16c
Processor Information for processor 0
  Max Mhz: 2100, Current Mhz: 2100, Mhz Limit: 2100
Processor Information for processor 1
  Max Mhz: 2100, Current Mhz: 2100, Mhz Limit: 2100
Processor Information for processor 2
  Max Mhz: 2100, Current Mhz: 1988, Mhz Limit: 2100
Processor Information for processor 3
  Max Mhz: 2100, Current Mhz: 1988, Mhz Limit: 2100
Processor Information for processor 4
  Max Mhz: 2100, Current Mhz: 2100, Mhz Limit: 2100
Processor Information for processor 5
  Max Mhz: 2100, Current Mhz: 1988, Mhz Limit: 2100
Processor Information for processor 6
  Max Mhz: 2100, Current Mhz: 2100, Mhz Limit: 2100
Processor Information for processor 7
  Max Mhz: 2100, Current Mhz: 1988, Mhz Limit: 2100
Processor Information for processor 8
  Max Mhz: 2100, Current Mhz: 2100, Mhz Limit: 2100
Processor Information for processor 9
  Max Mhz: 2100, Current Mhz: 1988, Mhz Limit: 2100
Processor Information for processor 10
  Max Mhz: 2100, Current Mhz: 2100, Mhz Limit: 2100
Processor Information for processor 11
  Max Mhz: 2100, Current Mhz: 2100, Mhz Limit: 2100

Memory: 4k page, system-wide physical 7530M (227M free)
TotalPageFile size 20330M (AvailPageFile size 1M)
current process WorkingSet (physical memory assigned to process): 145M, peak: 256M
current process commit charge ("private bytes"): 286M, peak: 296M

vm_info: OpenJDK 64-Bit Server VM (22.0.2+9-FR) for windows-amd64 JRE (22.0.2+9-FR), built on 2024-07-09T01:10:09Z by "Administrator" with MS VC++ 16.10 / 16.11 (VS2019)

END.
